<?xml version="1.0" encoding="UTF-8"?>
<TestRun id="5554cb0f-4782-4485-994e-e94364309f16" name="TOCANE@TOCANE-LATITUDE 2018-01-20 22:17:17" runUser="TOCANE-LATITUDE\TOCANE" xmlns="http://microsoft.com/schemas/VisualStudio/TeamTest/2010">
  <TestSettings name="Default Test Settings" id="74e975ab-1499-4e48-9ec2-6ac71da7b0b9">
    <Execution>
      <TestTypeSpecific />
      <AgentRule name="Execution Agents">
      </AgentRule>
    </Execution>
    <Deployment runDeploymentRoot="TOCANE_TOCANE-LATITUDE 2018-01-20 22_17_17" />
    <Properties />
  </TestSettings>
  <Times creation="2018-01-20T22:17:17.7546308+01:00" queuing="2018-01-20T22:17:18.6421324+01:00" start="2018-01-20T22:17:18.8491334+01:00" finish="2018-01-20T22:17:19.3691323+01:00" />
  <ResultSummary outcome="Completed">
    <Counters total="1" executed="1" passed="1" error="0" failed="0" timeout="0" aborted="0" inconclusive="0" passedButRunAborted="0" notRunnable="0" notExecuted="0" disconnected="0" warning="0" completed="0" inProgress="0" pending="0" />
  </ResultSummary>
  <TestDefinitions>
    <UnitTest name="TestMethod1" storage="unittestproject2.dll" id="48b188ce-77c2-aa30-8e8a-61e3cbbeb3a8">
      <Execution id="7443ea24-6e83-4ef4-9197-a903cdcf6aa6" />
      <TestMethod codeBase="C:/TEAMPROJECT/GIT/selenim specflow/blog/LogCorner.BlogPost/UnitTestProject2/bin/Debug/UnitTestProject2.dll" adapterTypeName="Microsoft.VisualStudio.TestTools.TestTypes.Unit.UnitTestAdapter, Microsoft.VisualStudio.QualityTools.Tips.UnitTest.Adapter, Version=14.0.0.0, Culture=neutral, PublicKeyToken=b03f5f7f11d50a3a" className="UnitTestProject2.UnitTest1, UnitTestProject2, Version=1.0.0.0, Culture=neutral, PublicKeyToken=null" name="TestMethod1" />
    </UnitTest>
  </TestDefinitions>
  <TestLists>
    <TestList name="Results Not in a List" id="8c84fa94-04c1-424b-9868-57a2d4851a1d" />
    <TestList name="All Loaded Results" id="19431567-8539-422a-85d7-44ee4e166bda" />
  </TestLists>
  <TestEntries>
    <TestEntry testId="48b188ce-77c2-aa30-8e8a-61e3cbbeb3a8" executionId="7443ea24-6e83-4ef4-9197-a903cdcf6aa6" testListId="8c84fa94-04c1-424b-9868-57a2d4851a1d" />
  </TestEntries>
  <Results>
    <UnitTestResult executionId="7443ea24-6e83-4ef4-9197-a903cdcf6aa6" testId="48b188ce-77c2-aa30-8e8a-61e3cbbeb3a8" testName="TestMethod1" computerName="TOCANE-LATITUDE" duration="00:00:00.0131618" startTime="2018-01-20T22:17:18.8701307+01:00" endTime="2018-01-20T22:17:19.2576341+01:00" testType="13cdc9d9-ddb5-4fa4-a97d-d965ccfc6d4b" outcome="Passed" testListId="8c84fa94-04c1-424b-9868-57a2d4851a1d" relativeResultsDirectory="7443ea24-6e83-4ef4-9197-a903cdcf6aa6">
    </UnitTestResult>
  </Results>
</TestRun>